<?xml version="1.0" encoding="UTF-8"?>
<testsuite xmlns:xsi="http://www.w3.org/2001/XMLSchema-instance" xsi:noNamespaceSchemaLocation="https://maven.apache.org/surefire/maven-surefire-plugin/xsd/surefire-test-report.xsd" version="3.0.2" name="com.accenture.service.UserServiceTest" time="3.629" tests="2" errors="0" skipped="0" failures="0">
  <properties>
[...]
</properties>
  <testcase name="testCreateUser" classname="com.accenture.service.UserServiceTest" time="0.014">
    <system-out><![CDATA[2025-01-16T15:30:46.114-06:00  INFO 1176 --- [user-mcsv] [           main] t.c.s.AnnotationConfigContextLoaderUtils : Could not detect default configuration classes for test class [com.accenture.service.UserServiceTest]: UserServiceTest does not declare any static, non-private, non-final, nested classes annotated with @Configuration.
2025-01-16T15:30:46.130-06:00  INFO 1176 --- [user-mcsv] [           main] .b.t.c.SpringBootTestContextBootstrapper : Found @SpringBootConfiguration com.accenture.UserApplication for test class com.accenture.service.UserServiceTest
2025-01-16T15:30:46.139-06:00  INFO 1176 --- [user-mcsv] [           main] o.s.b.d.r.RestartApplicationListener     : Restart disabled due to context in which it is running

  .   ____          _            __ _ _
 /\\ / ___'_ __ _ _(_)_ __  __ _ \ \ \ \
( ( )\___ | '_ | '_| | '_ \/ _` | \ \ \ \
 \\/  ___)| |_)| | | | | || (_| |  ) ) ) )
  '  |____| .__|_| |_|_| |_\__, | / / / /
 =========|_|==============|___/=/_/_/_/

 :: Spring Boot ::                (v3.4.0)

2025-01-16T15:30:46.197-06:00  INFO 1176 --- [user-mcsv] [           main] com.accenture.service.UserServiceTest    : Starting UserServiceTest using Java 23 with PID 1176 (started by palun in C:\Users\palun\Documents\Spring projects\accenture\library\business\user-mcsv)
2025-01-16T15:30:46.197-06:00  INFO 1176 --- [user-mcsv] [           main] com.accenture.service.UserServiceTest    : No active profile set, falling back to 1 default profile: "default"
2025-01-16T15:30:46.620-06:00  INFO 1176 --- [user-mcsv] [           main] .s.d.r.c.RepositoryConfigurationDelegate : Bootstrapping Spring Data JPA repositories in DEFAULT mode.
2025-01-16T15:30:46.679-06:00  INFO 1176 --- [user-mcsv] [           main] .s.d.r.c.RepositoryConfigurationDelegate : Finished Spring Data repository scanning in 46 ms. Found 1 JPA repository interface.
2025-01-16T15:30:46.902-06:00  INFO 1176 --- [user-mcsv] [           main] o.s.cloud.context.scope.GenericScope     : BeanFactory id=889eeb5f-935d-3b14-b72e-2f83a39c6856
2025-01-16T15:30:47.124-06:00  INFO 1176 --- [user-mcsv] [           main] com.zaxxer.hikari.HikariDataSource       : HikariPool-1 - Starting...
2025-01-16T15:30:47.331-06:00  INFO 1176 --- [user-mcsv] [           main] com.zaxxer.hikari.pool.HikariPool        : HikariPool-1 - Added connection conn0: url=jdbc:h2:mem:testdb user=SA
2025-01-16T15:30:47.331-06:00  INFO 1176 --- [user-mcsv] [           main] com.zaxxer.hikari.HikariDataSource       : HikariPool-1 - Start completed.
2025-01-16T15:30:47.426-06:00  INFO 1176 --- [user-mcsv] [           main] o.hibernate.jpa.internal.util.LogHelper  : HHH000204: Processing PersistenceUnitInfo [name: default]
2025-01-16T15:30:47.507-06:00  INFO 1176 --- [user-mcsv] [           main] org.hibernate.Version                    : HHH000412: Hibernate ORM core version 6.6.2.Final
2025-01-16T15:30:47.537-06:00  INFO 1176 --- [user-mcsv] [           main] o.h.c.internal.RegionFactoryInitiator    : HHH000026: Second-level cache disabled
2025-01-16T15:30:47.706-06:00  INFO 1176 --- [user-mcsv] [           main] o.s.o.j.p.SpringPersistenceUnitInfo      : No LoadTimeWeaver setup: ignoring JPA class transformer
2025-01-16T15:30:47.819-06:00  INFO 1176 --- [user-mcsv] [           main] org.hibernate.orm.connections.pooling    : HHH10001005: Database info:
	Database JDBC URL [Connecting through datasource 'HikariDataSource (HikariPool-1)']
	Database driver: undefined/unknown
	Database version: 2.3.232
	Autocommit mode: undefined/unknown
	Isolation level: undefined/unknown
	Minimum pool size: undefined/unknown
	Maximum pool size: undefined/unknown
2025-01-16T15:30:48.566-06:00  INFO 1176 --- [user-mcsv] [           main] o.h.m.i.EntityInstantiatorPojoStandard   : HHH000182: No default (no-argument) constructor for class: com.accenture.entities.User (class must be instantiated by Interceptor)
2025-01-16T15:30:48.748-06:00  INFO 1176 --- [user-mcsv] [           main] o.h.e.t.j.p.i.JtaPlatformInitiator       : HHH000489: No JTA platform available (set 'hibernate.transaction.jta.platform' to enable JTA platform integration)
2025-01-16T15:30:48.793-06:00  INFO 1176 --- [user-mcsv] [           main] j.LocalContainerEntityManagerFactoryBean : Initialized JPA EntityManagerFactory for persistence unit 'default'
2025-01-16T15:30:49.144-06:00  WARN 1176 --- [user-mcsv] [           main] JpaBaseConfiguration$JpaWebConfiguration : spring.jpa.open-in-view is enabled by default. Therefore, database queries may be performed during view rendering. Explicitly configure spring.jpa.open-in-view to disable this warning
2025-01-16T15:30:49.600-06:00  INFO 1176 --- [user-mcsv] [           main] DiscoveryClientOptionalArgsConfiguration : Eureka HTTP Client uses RestTemplate.
2025-01-16T15:30:49.665-06:00  WARN 1176 --- [user-mcsv] [           main] iguration$LoadBalancerCaffeineWarnLogger : Spring Cloud LoadBalancer is currently working with the default cache. While this cache implementation is useful for development and tests, it's recommended to use Caffeine cache in production.You can switch to using Caffeine cache, by adding it and org.springframework.cache.caffeine.CaffeineCacheManager to the classpath.
2025-01-16T15:30:49.689-06:00  INFO 1176 --- [user-mcsv] [           main] com.accenture.service.UserServiceTest    : Started UserServiceTest in 3.55 seconds (process running for 8.47)
]]></system-out>
  </testcase>
  <testcase name="testFindUserById" classname="com.accenture.service.UserServiceTest" time="0.014"/>
</testsuite>